[debug] [2019-08-06T07:58:16.556Z] ----------------------------------------------------------------------
[debug] [2019-08-06T07:58:16.558Z] Command:       C:\Program Files\nodejs\node.exe C:\Users\multicampus\AppData\Roaming\npm\node_modules\firebase-tools\lib\bin\firebase.js serve
[debug] [2019-08-06T07:58:16.558Z] CLI Version:   7.1.1
[debug] [2019-08-06T07:58:16.558Z] Platform:      win32
[debug] [2019-08-06T07:58:16.558Z] Node Version:  v10.16.0
[debug] [2019-08-06T07:58:16.559Z] Time:          Tue Aug 06 2019 16:58:16 GMT+0900 (GMT+09:00)
[debug] [2019-08-06T07:58:16.559Z] ----------------------------------------------------------------------
[debug] 
[debug] [2019-08-06T07:58:16.566Z] > command requires scopes: ["email","openid","https://www.googleapis.com/auth/cloudplatformprojects.readonly","https://www.googleapis.com/auth/firebase","https://www.googleapis.com/auth/cloud-platform"]
[debug] [2019-08-06T07:58:16.566Z] > authorizing via signed-in user
[debug] [2019-08-06T07:58:16.567Z] [iam] checking project webmobile-sub2-510fa for permissions ["firebase.projects.get"]
[debug] [2019-08-06T07:58:16.568Z] >>> HTTP REQUEST POST https://cloudresourcemanager.googleapis.com/v1/projects/webmobile-sub2-510fa:testIamPermissions  

[debug] [2019-08-06T07:58:17.537Z] <<< HTTP RESPONSE 200
[debug] [2019-08-06T07:58:17.538Z] >>> HTTP REQUEST GET https://firebase.googleapis.com/v1beta1/projects/webmobile-sub2-510fa  
 
[debug] [2019-08-06T07:58:18.444Z] <<< HTTP RESPONSE 200
[info] 
[info] === Serving from 'C:\Users\multicampus\Desktop\ssafy_pjt\pjt1\3주차 협동 pjt\webmobile-final'...
[info] 
[debug] [2019-08-06T07:58:18.448Z] >>> HTTP REQUEST GET https://firebase.googleapis.com/v1beta1/projects/webmobile-sub2-510fa/webApps/-/config  
 
[warn] !  Your requested "node" version "8" doesn't match your global version "10"
[debug] [2019-08-06T07:58:19.123Z] >>> HTTP REQUEST GET https://firebase.googleapis.com/v1beta1/projects/webmobile-sub2-510fa/adminSdkConfig  
 
[debug] [2019-08-06T07:58:19.924Z] <<< HTTP RESPONSE 200
[debug] [2019-08-06T07:58:19.987Z] <<< HTTP RESPONSE 200
[info] i  hosting: Serving hosting files from: dist
[info] +  hosting: Local server: http://localhost:5000
[info] +  functions: Emulator started at http://localhost:5001
[info] i  functions: Watching "C:\Users\multicampus\Desktop\ssafy_pjt\pjt1\3주차 협동 pjt\webmobile-final\functions" for Cloud Functions...
[debug] [2019-08-06T07:58:20.570Z] [runtime-status] Functions runtime initialized. {"cwd":"C:\\Users\\multicampus\\Desktop\\ssafy_pjt\\pjt1\\3주차 협동 pjt\\webmobile-final\\functions","node_version":"10.16.0"}
[debug] [2019-08-06T07:58:20.570Z] [runtime-status] Disabled runtime features: {"functions_config_helper":true,"network_filtering":true,"timeout":true,"memory_limiting":true,"protect_env":true,"admin_stubs":true} {}
[debug] [2019-08-06T07:58:20.575Z] [runtime-status] Resolved module firebase-admin {"declared":true,"installed":true,"version":"8.3.0","resolution":"C:\\Users\\multicampus\\Desktop\\ssafy_pjt\\pjt1\\3주차 협동 pjt\\webmobile-final\\functions\\node_modules\\firebase-admin\\lib\\index.js"}
[debug] [2019-08-06T07:58:20.577Z] [runtime-status] Resolved module firebase-functions {"declared":true,"installed":true,"version":"3.2.0","resolution":"C:\\Users\\multicampus\\Desktop\\ssafy_pjt\\pjt1\\3주차 협동 pjt\\webmobile-final\\functions\\node_modules\\firebase-functions\\lib\\index.js"}
[debug] [2019-08-06T07:58:20.578Z] [runtime-status] Resolved module firebase-functions {"declared":true,"installed":true,"version":"3.2.0","resolution":"C:\\Users\\multicampus\\Desktop\\ssafy_pjt\\pjt1\\3주차 협동 pjt\\webmobile-final\\functions\\node_modules\\firebase-functions\\lib\\index.js"}
[debug] [2019-08-06T07:58:20.625Z] [runtime-status] Resolved module firebase-admin {"declared":true,"installed":true,"version":"8.3.0","resolution":"C:\\Users\\multicampus\\Desktop\\ssafy_pjt\\pjt1\\3주차 협동 pjt\\webmobile-final\\functions\\node_modules\\firebase-admin\\lib\\index.js"}
[debug] [2019-08-06T07:58:20.656Z] [runtime-status] firebase-admin has been stubbed. {"adminResolution":{"declared":true,"installed":true,"version":"8.3.0","resolution":"C:\\Users\\multicampus\\Desktop\\ssafy_pjt\\pjt1\\3주차 협동 pjt\\webmobile-final\\functions\\node_modules\\firebase-admin\\lib\\index.js"}}
